<?xml version="1.0" encoding="UTF-8"?>
<!-- Generated by org.testng.reporters.JUnitXMLReporter -->
<testsuite hostname="MacBook-Pro.local" ignored="0" name="Login" tests="1" failures="1" timestamp="23 Apr 2021 18:41:13 GMT" time="0.276" errors="0">
  <testcase name="verify" time="0.261" classname="com.web.locus.testcases.LocusTestRunner">
    <failure type="java.lang.NullPointerException">
      <![CDATA[java.lang.NullPointerException
at com.util.BaseFunctions.click(BaseFunctions.java:48)
at com.web.pages.flipkart.FlipkartHomePage.login(FlipkartHomePage.java:27)
at com.web.locus.testcases.LocusTestRunner.verify(LocusTestRunner.java:18)
... Removed 25 stack frames]]>
    </failure>
  </testcase> <!-- verify -->
</testsuite> <!-- Login -->
