<?xml version="1.0" encoding="UTF-8"?>
<!-- Generated by org.testng.reporters.JUnitXMLReporter -->
<testsuite hostname="MacBook-Pro.local" ignored="1" name="Login" tests="1" failures="0" timestamp="30 Apr 2021 22:59:27 GMT" time="19.569" errors="0">
  <testcase name="verifyTripAdvisor" time="19.55" classname="com.web.classplus.testcases.ClassPlusTestRunner"/>
  <testcase name="comparePriceFromFlipkartAndAmazon" time="0.0" classname="com.web.classplus.testcases.ClassPlusTestRunner">
    <ignored/>
  </testcase> <!-- comparePriceFromFlipkartAndAmazon -->
</testsuite> <!-- Login -->
