<?xml version="1.0" encoding="UTF-8"?>
<testng-results skipped="0" failed="0" ignored="0" total="1" passed="1">
  <reporter-output>
  </reporter-output>
  <suite name="FlipkartTestSuite" duration-ms="10115" started-at="2021-04-30T05:30:58Z" finished-at="2021-04-30T05:31:08Z">
    <groups>
      <group name="Regression">
        <method signature="ClassPlusTestRunner.comparePriceFromFlipkartAndAmazon(java.lang.String, java.lang.String)[pri:0, instance:com.web.classplus.testcases.ClassPlusTestRunner@50b5ac82]" name="comparePriceFromFlipkartAndAmazon" class="com.web.classplus.testcases.ClassPlusTestRunner"/>
      </group> <!-- Regression -->
    </groups>
    <test name="Login" duration-ms="10115" started-at="2021-04-30T05:30:58Z" finished-at="2021-04-30T05:31:08Z">
      <class name="com.web.classplus.testcases.ClassPlusTestRunner">
        <test-method status="PASS" signature="setUp(java.lang.String, org.testng.ITestContext)[pri:0, instance:com.web.classplus.testcases.ClassPlusTestRunner@50b5ac82]" name="setUp" is-config="true" duration-ms="7285" started-at="2021-04-30T05:30:50Z" finished-at="2021-04-30T05:30:58Z">
          <params>
            <param index="0">
              <value>
                <![CDATA[src/main/resources/prod/prod.properties]]>
              </value>
            </param>
            <param index="1">
              <value>
                <![CDATA[org.testng.TestRunner@301d8120]]>
              </value>
            </param>
          </params>
          <reporter-output>
          </reporter-output>
        </test-method> <!-- setUp -->
        <test-method status="PASS" signature="comparePriceFromFlipkartAndAmazon(java.lang.String, java.lang.String)[pri:0, instance:com.web.classplus.testcases.ClassPlusTestRunner@50b5ac82]" name="comparePriceFromFlipkartAndAmazon" duration-ms="10093" started-at="2021-04-30T05:30:58Z" finished-at="2021-04-30T05:31:08Z">
          <params>
            <param index="0">
              <value>
                <![CDATA[iphone xr 64gb - yellow]]>
              </value>
            </param>
            <param index="1">
              <value>
                <![CDATA[iphone xr yellow 64 gb]]>
              </value>
            </param>
          </params>
          <reporter-output>
          </reporter-output>
        </test-method> <!-- comparePriceFromFlipkartAndAmazon -->
        <test-method status="PASS" signature="closeTheBrowser()[pri:0, instance:com.web.classplus.testcases.ClassPlusTestRunner@50b5ac82]" name="closeTheBrowser" is-config="true" duration-ms="762" started-at="2021-04-30T05:31:08Z" finished-at="2021-04-30T05:31:09Z">
          <reporter-output>
          </reporter-output>
        </test-method> <!-- closeTheBrowser -->
      </class> <!-- com.web.classplus.testcases.ClassPlusTestRunner -->
    </test> <!-- Login -->
  </suite> <!-- FlipkartTestSuite -->
</testng-results>
