<?xml version="1.0" encoding="UTF-8"?>
<!-- Generated by org.testng.reporters.JUnitXMLReporter -->
<testsuite hostname="MacBook-Pro.local" ignored="0" name="Login" tests="6" failures="0" timestamp="01 May 2021 18:38:27 GMT" time="124.342" errors="0">
  <testcase name="verifyLoginFunctionalityWithInvalidCredentials" time="7.744" classname="com.web.locus.testcases.LocusInterviewAssignment"/>
  <testcase name="verifyLoginFunctionalityWithValidCredentials" time="9.335" classname="com.web.locus.testcases.LocusInterviewAssignment"/>
  <testcase name="verifyProfileIconFunctionality" time="11.961" classname="com.web.locus.testcases.LocusInterviewAssignment"/>
  <testcase name="verifySearchForAtaskWithTaskId" time="11.225" classname="com.web.locus.testcases.LocusInterviewAssignment"/>
  <testcase name="createAServiceTask" time="22.378" classname="com.web.locus.testcases.LocusInterviewAssignment"/>
  <testcase name="searchForCreatedTask" time="10.391" classname="com.web.locus.testcases.LocusInterviewAssignment"/>
</testsuite> <!-- Login -->
